[19-08-2023 11:18:08] Initializing vehicle connection
[19-08-2023 11:18:08] ArduCopter V4.0.4 (40502bd9)
[19-08-2023 11:18:08] fa520c9732e24cab920e5fe4420d378f
[19-08-2023 11:18:08] Frame: QUAD
[19-08-2023 11:18:09]  Start of test code
[19-08-2023 11:18:09] Description -> Movement in north direction for 2 meters
[19-08-2023 11:18:09] Arm and Takeoff in guided mode
[19-08-2023 11:18:09] Basic pre-arm checks
[19-08-2023 11:18:09] Arming motors
[19-08-2023 11:18:09]  Waiting for arming...
[19-08-2023 11:18:09] Arming motors
[19-08-2023 11:18:10] Taking off!
[19-08-2023 11:18:10]  Altitude: 0.004
[19-08-2023 11:18:11]  Altitude: 0.004
[19-08-2023 11:18:12]  Altitude: 0.017
[19-08-2023 11:18:13]  Altitude: 0.974
[19-08-2023 11:18:14]  Altitude: 1.454
[19-08-2023 11:18:14] Reached target altitude
[19-08-2023 11:18:14] Move Vant in 2 meters north
[19-08-2023 11:18:14] Sleeping for 5 seconds
[19-08-2023 11:18:19] Land vehicle
[19-08-2023 11:18:19] Preparing to LAND
[19-08-2023 11:18:38] Initializing vehicle connection
[19-08-2023 11:18:38] ArduCopter V4.0.4 (40502bd9)
[19-08-2023 11:18:38] fa520c9732e24cab920e5fe4420d378f
[19-08-2023 11:18:38] Frame: QUAD
[19-08-2023 11:18:39]  Start of test code
[19-08-2023 11:18:39] Description -> Movement in north direction for 2 meters
[19-08-2023 11:18:39] Arm and Takeoff in guided mode
[19-08-2023 11:18:39] Basic pre-arm checks
[19-08-2023 11:18:39] Arming motors
[19-08-2023 11:18:39]  Waiting for arming...
[19-08-2023 11:18:39] Arming motors
[19-08-2023 11:18:40] Taking off!
[19-08-2023 11:18:40]  Altitude: 0.002
[19-08-2023 11:18:41]  Altitude: 0.002
[19-08-2023 11:18:42]  Altitude: 0.007
[19-08-2023 11:18:43]  Altitude: 0.928
[19-08-2023 11:18:44]  Altitude: 1.459
[19-08-2023 11:18:44] Reached target altitude
[19-08-2023 11:18:44] Move Vant in 2 meters north
[19-08-2023 11:18:44] Sleeping for 5 seconds
[19-08-2023 11:18:49] Land vehicle
[19-08-2023 11:18:49] Preparing to LAND
[19-08-2023 11:18:59] Initializing vehicle connection
[19-08-2023 11:18:59] ArduCopter V4.0.4 (40502bd9)
[19-08-2023 11:18:59] fa520c9732e24cab920e5fe4420d378f
[19-08-2023 11:18:59] Frame: QUAD
[19-08-2023 11:19:00]  Start of test code
[19-08-2023 11:19:00] Description -> Movement in north direction for 2 meters
[19-08-2023 11:19:00] Arm and Takeoff in guided mode
[19-08-2023 11:19:00] Basic pre-arm checks
[19-08-2023 11:19:00] Arming motors
[19-08-2023 11:19:00]  Waiting for arming...
[19-08-2023 11:19:00] Arming motors
[19-08-2023 11:19:01] Taking off!
[19-08-2023 11:19:01]  Altitude: 0.001
[19-08-2023 11:19:02]  Altitude: 0.0
[19-08-2023 11:19:03]  Altitude: 0.056
[19-08-2023 11:19:04]  Altitude: 1.065
[19-08-2023 11:19:05]  Altitude: 1.478
[19-08-2023 11:19:05] Reached target altitude
[19-08-2023 11:19:05] Move Vant in 2 meters north
[19-08-2023 11:19:05] Sleeping for 5 seconds
[19-08-2023 11:19:10] Land vehicle
[19-08-2023 11:19:10] Preparing to LAND
[19-08-2023 11:19:54] Initializing vehicle connection
[19-08-2023 11:19:54] ArduCopter V4.0.4 (40502bd9)
[19-08-2023 11:19:54] fa520c9732e24cab920e5fe4420d378f
[19-08-2023 11:19:54] Frame: QUAD
[19-08-2023 11:19:55]  Start of test code
[19-08-2023 11:19:55] Description -> Movement in north direction for 2 meters
[19-08-2023 11:19:55] Arm and Takeoff in guided mode
[19-08-2023 11:19:55] Basic pre-arm checks
[19-08-2023 11:19:55] Arming motors
[19-08-2023 11:19:55]  Waiting for arming...
[19-08-2023 11:19:55] Arming motors
[19-08-2023 11:19:56] Taking off!
[19-08-2023 11:19:56]  Altitude: 0.0
[19-08-2023 11:19:57]  Altitude: 0.0
[19-08-2023 11:19:58]  Altitude: 0.012
[19-08-2023 11:19:59]  Altitude: 0.943
[19-08-2023 11:20:00]  Altitude: 1.409
[19-08-2023 11:20:01]  Altitude: 1.503
[19-08-2023 11:20:01] Reached target altitude
[19-08-2023 11:20:01] Move Vant in 2 meters north
[19-08-2023 11:20:01] Sleeping for 5 seconds
[19-08-2023 11:20:06] Land vehicle
[19-08-2023 11:20:06] Preparing to LAND
[19-08-2023 11:22:34] Initializing vehicle connection
[19-08-2023 11:22:35] ArduCopter V4.0.4 (40502bd9)
[19-08-2023 11:22:35] fa520c9732e24cab920e5fe4420d378f
[19-08-2023 11:22:35] Frame: QUAD
[19-08-2023 11:22:36]  Start of test code
[19-08-2023 11:22:36] Description -> Movement in north direction for 2 meters
[19-08-2023 11:22:36] Arm and Takeoff in guided mode
[19-08-2023 11:22:36] Basic pre-arm checks
[19-08-2023 11:22:36] Arming motors
[19-08-2023 11:22:36]  Waiting for arming...
[19-08-2023 11:22:36] Arming motors
[19-08-2023 11:22:37] Taking off!
[19-08-2023 11:22:37]  Altitude: 0.008
[19-08-2023 11:22:38]  Altitude: 0.008
[19-08-2023 11:22:39]  Altitude: 0.018
[19-08-2023 11:22:40]  Altitude: 0.98
[19-08-2023 11:22:41]  Altitude: 1.471
[19-08-2023 11:22:41] Reached target altitude
[19-08-2023 11:22:41] Move Vant in 2 meters north
[19-08-2023 11:22:41] Sleeping for 5 seconds
[19-08-2023 11:22:46] Land vehicle
[19-08-2023 11:22:46] Preparing to LAND
[20-08-2023 20:24:36] Initializing vehicle connection
[20-08-2023 20:24:37] ArduCopter V4.0.4 (40502bd9)
[20-08-2023 20:24:37] fa520c9732e24cab920e5fe4420d378f
[20-08-2023 20:24:37] Frame: QUAD
[20-08-2023 20:24:38]  Start of test code
[20-08-2023 20:24:38] Description -> Movement in north direction for 2 meters
[20-08-2023 20:24:38] Arm and Takeoff in guided mode
[20-08-2023 20:24:38] Basic pre-arm checks
[20-08-2023 20:24:38] Arming motors
[20-08-2023 20:24:38]  Waiting for arming...
[20-08-2023 20:24:38] Arming motors
[20-08-2023 20:24:39] Taking off!
[20-08-2023 20:24:39]  Altitude: 0.004
[20-08-2023 20:24:40]  Altitude: 0.004
[20-08-2023 20:24:41] Potential Thrust Loss (1)
[20-08-2023 20:24:41]  Altitude: 0.06
[20-08-2023 20:24:42]  Altitude: 1.292
[20-08-2023 20:24:43]  Altitude: 1.989
[20-08-2023 20:24:43] Reached target altitude
[20-08-2023 20:24:43] Move Vant in 2 meters north
[20-08-2023 20:24:43] Sleeping for 5 seconds
[20-08-2023 20:24:48] Land vehicle
[20-08-2023 20:24:48] Preparing to LAND
[20-08-2023 20:27:28] Initializing vehicle connection
[20-08-2023 20:27:29] ArduCopter V4.0.4 (40502bd9)
[20-08-2023 20:27:29] fa520c9732e24cab920e5fe4420d378f
[20-08-2023 20:27:29] Frame: QUAD
[20-08-2023 20:27:29]  Start of test code
[20-08-2023 20:27:29] Description -> Movement in north direction for 2 meters
[20-08-2023 20:27:29] Arm and Takeoff in guided mode
[20-08-2023 20:27:29] Basic pre-arm checks
[20-08-2023 20:27:29] Arming motors
[20-08-2023 20:27:29]  Waiting for arming...
[20-08-2023 20:27:29] Arming motors
[20-08-2023 20:27:30] Taking off!
[20-08-2023 20:27:30]  Altitude: 0.009
[20-08-2023 20:27:31]  Altitude: 0.009
[20-08-2023 20:27:32]  Altitude: 0.083
[20-08-2023 20:27:33]  Altitude: 1.319
[20-08-2023 20:27:34]  Altitude: 1.92
[20-08-2023 20:27:34] Reached target altitude
[20-08-2023 20:27:34] Move Vant in 2 meters north
[20-08-2023 20:27:34] Sleeping for 5 seconds
[20-08-2023 20:27:39] Land vehicle
[20-08-2023 20:27:39] Preparing to LAND
[20-08-2023 20:37:20] Initializing vehicle connection
[20-08-2023 20:37:21] ArduCopter V4.0.4 (40502bd9)
[20-08-2023 20:37:21] fa520c9732e24cab920e5fe4420d378f
[20-08-2023 20:37:21] Frame: QUAD
[20-08-2023 20:37:21]  Start of test code
[20-08-2023 20:37:21] Description -> Movement in north direction for 2 meters
[20-08-2023 20:37:21] Arm and Takeoff in guided mode
[20-08-2023 20:37:21] Basic pre-arm checks
[20-08-2023 20:37:21] Arming motors
[20-08-2023 20:37:21]  Waiting for arming...
[20-08-2023 20:37:21] Arming motors
[20-08-2023 20:37:22] Taking off!
[20-08-2023 20:37:22]  Altitude: 0.006
[20-08-2023 20:37:23]  Altitude: 0.007
[20-08-2023 20:37:24]  Altitude: 0.029
[20-08-2023 20:37:25]  Altitude: 1.191
[20-08-2023 20:37:26]  Altitude: 1.91
[20-08-2023 20:37:26] Reached target altitude
[20-08-2023 20:37:26] Move Vant in 2 meters north
[20-08-2023 20:37:26] Sleeping for 5 seconds
[20-08-2023 20:37:31] Land vehicle
[20-08-2023 20:37:31] Preparing to LAND
[20-08-2023 20:39:51] Initializing vehicle connection
[20-08-2023 20:39:51] ArduCopter V4.0.4 (40502bd9)
[20-08-2023 20:39:51] fa520c9732e24cab920e5fe4420d378f
[20-08-2023 20:39:51] Frame: QUAD
[20-08-2023 20:39:51]  Start of test code
[20-08-2023 20:39:51] Description -> Movement in north direction for 2 meters
[20-08-2023 20:39:51] Arm and Takeoff in guided mode
[20-08-2023 20:39:51] Basic pre-arm checks
[20-08-2023 20:39:51] Arming motors
[20-08-2023 20:39:51]  Waiting for arming...
[20-08-2023 20:39:51] Arming motors
[20-08-2023 20:39:52] Taking off!
[20-08-2023 20:39:52]  Altitude: 0.004
[20-08-2023 20:39:53]  Altitude: 0.004
[20-08-2023 20:39:54]  Altitude: 0.055
[20-08-2023 20:39:55]  Altitude: 1.284
[20-08-2023 20:39:56]  Altitude: 1.952
[20-08-2023 20:39:56] Reached target altitude
[20-08-2023 20:39:56] Move Vant in 2 meters north
[20-08-2023 20:39:56] Sleeping for 5 seconds
[20-08-2023 20:40:01] Land vehicle
[20-08-2023 20:40:01] Preparing to LAND
[20-08-2023 20:41:26] Initializing vehicle connection
[20-08-2023 20:41:26] ArduCopter V4.0.4 (40502bd9)
[20-08-2023 20:41:26] fa520c9732e24cab920e5fe4420d378f
[20-08-2023 20:41:26] Frame: QUAD
[20-08-2023 20:41:27]  Start of test code
[20-08-2023 20:41:27] Description -> Movement in north direction for 2 meters
[20-08-2023 20:41:27] Arm and Takeoff in guided mode
[20-08-2023 20:41:27] Basic pre-arm checks
[20-08-2023 20:41:27] Arming motors
[20-08-2023 20:41:27]  Waiting for arming...
[20-08-2023 20:41:27] Arming motors
[20-08-2023 20:41:28] Taking off!
[20-08-2023 20:41:28]  Altitude: 0.003
[20-08-2023 20:41:29]  Altitude: 0.003
[20-08-2023 20:41:30]  Altitude: 0.074
[20-08-2023 20:41:31]  Altitude: 1.329
[20-08-2023 20:41:32]  Altitude: 1.939
[20-08-2023 20:41:32] Reached target altitude
[20-08-2023 20:41:32] Move Vant in 2 meters north
[20-08-2023 20:41:47] Sleeping for 5 seconds
[20-08-2023 20:41:52] Land vehicle
[20-08-2023 20:41:52] Preparing to LAND
[20-08-2023 20:42:07] Initializing vehicle connection
[20-08-2023 20:42:08] ArduCopter V4.0.4 (40502bd9)
[20-08-2023 20:42:08] fa520c9732e24cab920e5fe4420d378f
[20-08-2023 20:42:08] Frame: QUAD
[20-08-2023 20:42:09]  Start of test code
[20-08-2023 20:42:09] Description -> Movement in north direction for 2 meters
[20-08-2023 20:42:09] Arm and Takeoff in guided mode
[20-08-2023 20:42:09] Basic pre-arm checks
[20-08-2023 20:42:09] Arming motors
[20-08-2023 20:42:09]  Waiting for arming...
[20-08-2023 20:42:09] Arming motors
[20-08-2023 20:42:10] Taking off!
[20-08-2023 20:42:10]  Altitude: 0.0
[20-08-2023 20:42:11]  Altitude: 0.0
[20-08-2023 20:42:12]  Altitude: 0.018
[20-08-2023 20:42:13]  Altitude: 1.166
[20-08-2023 20:42:14]  Altitude: 1.896
[20-08-2023 20:42:15]  Altitude: 2.051
[20-08-2023 20:42:15] Reached target altitude
[20-08-2023 20:42:15] Move Vant in 2 meters north
[20-08-2023 20:42:30] Sleeping for 5 seconds
[20-08-2023 20:42:35] Land vehicle
[20-08-2023 20:42:35] Preparing to LAND
[20-08-2023 20:43:01] Initializing vehicle connection
[20-08-2023 20:43:01] ArduCopter V4.0.4 (40502bd9)
[20-08-2023 20:43:01] fa520c9732e24cab920e5fe4420d378f
[20-08-2023 20:43:01] Frame: QUAD
[20-08-2023 20:43:01]  Start of test code
[20-08-2023 20:43:01] Description -> Movement in north direction for 2 meters
[20-08-2023 20:43:01] Arm and Takeoff in guided mode
[20-08-2023 20:43:01] Basic pre-arm checks
[20-08-2023 20:43:01] Arming motors
[20-08-2023 20:43:01]  Waiting for arming...
[20-08-2023 20:43:01] PreArm: EKF starting GPS checks
[20-08-2023 20:43:01] EKF2 IMU0 origin set
[20-08-2023 20:43:01] EKF2 IMU1 origin set
[20-08-2023 20:43:02]  Waiting for arming...
[20-08-2023 20:43:03]  Waiting for arming...
[20-08-2023 20:43:04]  Waiting for arming...
[20-08-2023 20:43:05]  Waiting for arming...
[20-08-2023 20:43:05] PreArm: Need 3D Fix
[20-08-2023 20:43:06]  Waiting for arming...
[20-08-2023 20:43:07]  Waiting for arming...
[20-08-2023 20:43:08]  Waiting for arming...
[20-08-2023 20:43:09]  Waiting for arming...
[20-08-2023 20:43:10]  Waiting for arming...
[20-08-2023 20:43:12] Initializing vehicle connection
[20-08-2023 20:43:12] ArduCopter V4.0.4 (40502bd9)
[20-08-2023 20:43:12] fa520c9732e24cab920e5fe4420d378f
[20-08-2023 20:43:12] Frame: QUAD
[20-08-2023 20:43:12]  Start of test code
[20-08-2023 20:43:12] Description -> Movement in north direction for 2 meters
[20-08-2023 20:43:12] Arm and Takeoff in guided mode
[20-08-2023 20:43:12] Basic pre-arm checks
[20-08-2023 20:43:12] Arming motors
[20-08-2023 20:43:12]  Waiting for arming...
[20-08-2023 20:43:12] PreArm: Need 3D Fix
[20-08-2023 20:43:13]  Waiting for arming...
[20-08-2023 20:43:14]  Waiting for arming...
[20-08-2023 20:43:15]  Waiting for arming...
[20-08-2023 20:43:16]  Waiting for arming...
[20-08-2023 20:43:17]  Waiting for arming...
[20-08-2023 20:43:18]  Waiting for arming...
[20-08-2023 20:43:19]  Waiting for arming...
[20-08-2023 20:43:20]  Waiting for arming...
[20-08-2023 20:43:21]  Waiting for arming...
[20-08-2023 20:43:22]  Waiting for arming...
[20-08-2023 20:43:23]  Waiting for arming...
[20-08-2023 20:43:24]  Waiting for arming...
[20-08-2023 20:43:25]  Waiting for arming...
[20-08-2023 20:43:26]  Waiting for arming...
[20-08-2023 20:43:27]  Waiting for arming...
[20-08-2023 20:43:28] EKF2 IMU0 is using GPS
[20-08-2023 20:43:28] EKF2 IMU1 is using GPS
[20-08-2023 20:43:28]  Waiting for arming...
[20-08-2023 20:43:29]  Waiting for arming...
[20-08-2023 20:43:30]  Waiting for arming...
[20-08-2023 20:43:31]  Waiting for arming...
[20-08-2023 20:43:32]  Waiting for arming...
[20-08-2023 20:43:33]  Waiting for arming...
[20-08-2023 20:43:34]  Waiting for arming...
[20-08-2023 20:43:35]  Waiting for arming...
[20-08-2023 20:43:36]  Waiting for arming...
[20-08-2023 20:43:37]  Waiting for arming...
[20-08-2023 20:43:39] Initializing vehicle connection
[20-08-2023 20:43:40] ArduCopter V4.0.4 (40502bd9)
[20-08-2023 20:43:40] fa520c9732e24cab920e5fe4420d378f
[20-08-2023 20:43:40] Frame: QUAD
[20-08-2023 20:43:40]  Start of test code
[20-08-2023 20:43:40] Description -> Movement in north direction for 2 meters
[20-08-2023 20:43:40] Arm and Takeoff in guided mode
[20-08-2023 20:43:40] Basic pre-arm checks
[20-08-2023 20:43:40] Arming motors
[20-08-2023 20:43:40]  Waiting for arming...
[20-08-2023 20:43:40] Arming motors
[20-08-2023 20:43:41] Taking off!
[20-08-2023 20:43:41]  Altitude: 0.001
[20-08-2023 20:43:42]  Altitude: 0.001
[20-08-2023 20:43:43]  Altitude: 0.025
[20-08-2023 20:43:44]  Altitude: 1.187
[20-08-2023 20:43:45]  Altitude: 1.921
[20-08-2023 20:43:45] Reached target altitude
[20-08-2023 20:43:45] Move Vant in 2 meters north
[20-08-2023 20:44:00] Sleeping for 5 seconds
[20-08-2023 20:44:05] Land vehicle
[20-08-2023 20:44:05] Preparing to LAND
[21-08-2023 00:06:03] Initializing vehicle connection
[21-08-2023 00:06:04] ArduCopter V4.0.4 (40502bd9)
[21-08-2023 00:06:04] fa520c9732e24cab920e5fe4420d378f
[21-08-2023 00:06:04] Frame: QUAD
[21-08-2023 00:06:04]  Start of test code
[21-08-2023 00:06:04] Description -> Movement in north direction for 2 meters
[21-08-2023 00:06:04] Arm and Takeoff in guided mode
[21-08-2023 00:06:04] Basic pre-arm checks
[21-08-2023 00:06:04] Arming motors
[21-08-2023 00:06:04]  Waiting for arming...
[21-08-2023 00:06:04] Arming motors
[21-08-2023 00:06:05] Taking off!
[21-08-2023 00:06:05]  Altitude: 0.0
[21-08-2023 00:06:06]  Altitude: 0.001
[21-08-2023 00:06:07]  Altitude: 0.005
[21-08-2023 00:06:08]  Altitude: 1.086
[21-08-2023 00:06:09]  Altitude: 1.914
[21-08-2023 00:06:09] Reached target altitude
[21-08-2023 00:06:09] Move Vant in 2 meters north
[21-08-2023 00:06:29] Sleeping for 5 seconds
[21-08-2023 00:06:34] Land vehicle
[21-08-2023 00:06:34] Preparing to LAND
[21-08-2023 00:11:32] Initializing vehicle connection
[21-08-2023 00:11:32] ArduCopter V4.0.4 (40502bd9)
[21-08-2023 00:11:32] fa520c9732e24cab920e5fe4420d378f
[21-08-2023 00:11:32] Frame: QUAD
[21-08-2023 00:11:33]  Start of test code
[21-08-2023 00:11:33] Description -> Movement in north direction for 2 meters
[21-08-2023 00:11:33] Arm and Takeoff in guided mode
[21-08-2023 00:11:33] Basic pre-arm checks
[21-08-2023 00:11:33] Arming motors
[21-08-2023 00:11:33]  Waiting for arming...
[21-08-2023 00:11:33] Arming motors
[21-08-2023 00:11:34] Taking off!
[21-08-2023 00:11:34]  Altitude: 0.001
[21-08-2023 00:11:35]  Altitude: 0.001
[21-08-2023 00:11:36]  Altitude: 0.016
[21-08-2023 00:11:37]  Altitude: 1.165
[21-08-2023 00:11:38]  Altitude: 1.956
[21-08-2023 00:11:38] Reached target altitude
[21-08-2023 00:11:38] Move Vant in 2 meters north
[21-08-2023 00:11:53] Sleeping for 5 seconds
[21-08-2023 00:11:58] Land vehicle
[21-08-2023 00:11:58] Preparing to LAND
[21-08-2023 00:13:27] Initializing vehicle connection
[21-08-2023 00:13:27] ArduCopter V4.0.4 (40502bd9)
[21-08-2023 00:13:27] fa520c9732e24cab920e5fe4420d378f
[21-08-2023 00:13:27] Frame: QUAD
[21-08-2023 00:13:27]  Start of test code
[21-08-2023 00:13:27] Description -> Movement in north direction for 2 meters
[21-08-2023 00:13:27] Arm and Takeoff in guided mode
[21-08-2023 00:13:27] Basic pre-arm checks
[21-08-2023 00:13:27] Arming motors
[21-08-2023 00:13:27]  Waiting for arming...
[21-08-2023 00:13:27] PreArm: Need 3D Fix
[21-08-2023 00:13:27] PreArm: Need 3D Fix
[21-08-2023 00:13:28]  Waiting for arming...
[21-08-2023 00:13:29]  Waiting for arming...
[21-08-2023 00:13:30]  Waiting for arming...
[21-08-2023 00:13:31]  Waiting for arming...
[21-08-2023 00:13:32]  Waiting for arming...
[21-08-2023 00:13:36] Initializing vehicle connection
[21-08-2023 00:13:37] ArduCopter V4.0.4 (40502bd9)
[21-08-2023 00:13:37] fa520c9732e24cab920e5fe4420d378f
[21-08-2023 00:13:37] Frame: QUAD
[21-08-2023 00:13:37]  Start of test code
[21-08-2023 00:13:37] Description -> Movement in north direction for 2 meters
[21-08-2023 00:13:37] Arm and Takeoff in guided mode
[21-08-2023 00:13:37] Basic pre-arm checks
[21-08-2023 00:13:37] Arming motors
[21-08-2023 00:13:37]  Waiting for arming...
[21-08-2023 00:13:37] PreArm: Need 3D Fix
[21-08-2023 00:13:38]  Waiting for arming...
[21-08-2023 00:13:39]  Waiting for arming...
[21-08-2023 00:13:46] Initializing vehicle connection
[21-08-2023 00:13:46] ArduCopter V4.0.4 (40502bd9)
[21-08-2023 00:13:46] fa520c9732e24cab920e5fe4420d378f
[21-08-2023 00:13:46] Frame: QUAD
[21-08-2023 00:13:46]  Start of test code
[21-08-2023 00:13:46] Description -> Movement in north direction for 2 meters
[21-08-2023 00:13:46] Arm and Takeoff in guided mode
[21-08-2023 00:13:46] Basic pre-arm checks
[21-08-2023 00:13:46] Arming motors
[21-08-2023 00:13:46]  Waiting for arming...
[21-08-2023 00:13:46] PreArm: Need 3D Fix
[21-08-2023 00:13:47]  Waiting for arming...
[21-08-2023 00:13:48]  Waiting for arming...
[21-08-2023 00:13:49]  Waiting for arming...
[21-08-2023 00:13:50] EKF2 IMU0 is using GPS
[21-08-2023 00:13:50] EKF2 IMU1 is using GPS
[21-08-2023 00:13:50]  Waiting for arming...
[21-08-2023 00:13:51]  Waiting for arming...
[21-08-2023 00:13:52]  Waiting for arming...
[21-08-2023 00:13:53]  Waiting for arming...
[21-08-2023 00:13:54]  Waiting for arming...
[21-08-2023 00:13:55]  Waiting for arming...
[21-08-2023 00:13:56]  Waiting for arming...
[21-08-2023 00:13:57]  Waiting for arming...
[21-08-2023 00:13:58]  Waiting for arming...
[21-08-2023 00:13:59]  Waiting for arming...
[21-08-2023 00:14:00]  Waiting for arming...
[21-08-2023 00:14:01]  Waiting for arming...
[21-08-2023 00:14:02]  Waiting for arming...
[21-08-2023 00:14:03]  Waiting for arming...
[21-08-2023 00:14:04]  Waiting for arming...
[21-08-2023 00:14:05]  Waiting for arming...
[21-08-2023 00:14:06]  Waiting for arming...
[21-08-2023 00:14:07]  Waiting for arming...
[21-08-2023 00:14:08]  Waiting for arming...
[21-08-2023 00:14:09]  Waiting for arming...
[21-08-2023 00:14:10]  Waiting for arming...
[21-08-2023 00:14:11]  Waiting for arming...
[21-08-2023 00:14:12]  Waiting for arming...
[21-08-2023 00:14:13]  Waiting for arming...
[21-08-2023 00:14:14]  Waiting for arming...
[21-08-2023 00:14:15]  Waiting for arming...
[21-08-2023 00:14:16]  Waiting for arming...
[21-08-2023 00:14:17]  Waiting for arming...
[21-08-2023 00:14:18]  Waiting for arming...
[21-08-2023 00:14:19]  Waiting for arming...
[21-08-2023 00:14:20]  Waiting for arming...
[21-08-2023 00:14:21]  Waiting for arming...
[21-08-2023 00:14:22]  Waiting for arming...
[21-08-2023 00:14:23]  Waiting for arming...
[21-08-2023 00:14:24]  Waiting for arming...
[21-08-2023 00:14:25]  Waiting for arming...
[21-08-2023 00:14:26]  Waiting for arming...
[21-08-2023 00:14:27]  Waiting for arming...
[21-08-2023 00:14:28]  Waiting for arming...
[21-08-2023 00:14:29]  Waiting for arming...
[21-08-2023 00:14:30]  Waiting for arming...
[21-08-2023 00:14:31]  Waiting for arming...
[21-08-2023 00:14:32]  Waiting for arming...
[21-08-2023 00:14:33]  Waiting for arming...
[21-08-2023 00:14:34]  Waiting for arming...
[21-08-2023 00:14:35]  Waiting for arming...
[21-08-2023 00:14:36]  Waiting for arming...
[21-08-2023 00:14:37]  Waiting for arming...
[21-08-2023 00:14:38]  Waiting for arming...
[21-08-2023 00:14:39]  Waiting for arming...
[21-08-2023 00:14:40]  Waiting for arming...
[21-08-2023 00:14:41]  Waiting for arming...
[21-08-2023 00:14:42]  Waiting for arming...
[21-08-2023 00:14:43]  Waiting for arming...
[21-08-2023 00:14:44]  Waiting for arming...
[21-08-2023 00:14:45]  Waiting for arming...
[21-08-2023 00:14:46]  Waiting for arming...
[21-08-2023 00:14:47]  Waiting for arming...
[21-08-2023 00:14:48]  Waiting for arming...
[21-08-2023 00:14:49]  Waiting for arming...
[21-08-2023 00:14:50]  Waiting for arming...
[21-08-2023 00:14:51]  Waiting for arming...
[21-08-2023 00:14:52]  Waiting for arming...
[21-08-2023 00:14:53]  Waiting for arming...
[21-08-2023 00:14:54]  Waiting for arming...
[21-08-2023 00:14:55]  Waiting for arming...
[21-08-2023 00:14:56]  Waiting for arming...
[21-08-2023 00:14:57]  Waiting for arming...
[21-08-2023 00:14:58]  Waiting for arming...
[21-08-2023 00:14:59]  Waiting for arming...
[21-08-2023 00:15:00]  Waiting for arming...
[21-08-2023 00:15:01]  Waiting for arming...
[21-08-2023 00:15:02]  Waiting for arming...
[21-08-2023 00:15:03]  Waiting for arming...
[21-08-2023 00:15:04]  Waiting for arming...
[21-08-2023 00:15:05]  Waiting for arming...
[21-08-2023 00:15:06]  Waiting for arming...
[21-08-2023 00:15:07]  Waiting for arming...
[21-08-2023 00:15:08]  Waiting for arming...
[21-08-2023 00:15:09]  Waiting for arming...
[21-08-2023 00:15:10]  Waiting for arming...
[21-08-2023 00:15:11]  Waiting for arming...
[21-08-2023 00:15:12]  Waiting for arming...
[21-08-2023 00:15:13]  Waiting for arming...
[21-08-2023 00:15:14]  Waiting for arming...
[21-08-2023 00:15:16] Initializing vehicle connection
[21-08-2023 00:15:17] ArduCopter V4.0.4 (40502bd9)
[21-08-2023 00:15:17] fa520c9732e24cab920e5fe4420d378f
[21-08-2023 00:15:17] Frame: QUAD
[21-08-2023 00:15:18]  Start of test code
[21-08-2023 00:15:18] Description -> Movement in north direction for 2 meters
[21-08-2023 00:15:18] Arm and Takeoff in guided mode
[21-08-2023 00:15:18] Basic pre-arm checks
[21-08-2023 00:15:18] Arming motors
[21-08-2023 00:15:18]  Waiting for arming...
[21-08-2023 00:15:18] Arming motors
[21-08-2023 00:15:19] Taking off!
[21-08-2023 00:15:19]  Altitude: 0.0
[21-08-2023 00:15:20]  Altitude: 0.0
[21-08-2023 00:15:20] Potential Thrust Loss (4)
[21-08-2023 00:15:21]  Altitude: 0.036
[21-08-2023 00:15:22]  Altitude: 1.23
[21-08-2023 00:15:23]  Altitude: 1.961
[21-08-2023 00:15:23] Reached target altitude
[21-08-2023 00:15:23] Move Vant in 2 meters north
[21-08-2023 00:15:33] Sleeping for 5 seconds
[21-08-2023 00:15:38] Land vehicle
[21-08-2023 00:15:38] Preparing to LAND
